<?xml version="1.0" encoding="UTF-8"?>
<testng-results ignored="1" total="2" passed="1" failed="0" skipped="0">
  <reporter-output>
  </reporter-output>
  <suite started-at="2022-12-07T13:46:17 IST" name="Suite" finished-at="2022-12-07T13:46:19 IST" duration-ms="2266">
    <groups>
    </groups>
    <test started-at="2022-12-07T13:46:17 IST" name="Test" finished-at="2022-12-07T13:46:19 IST" duration-ms="2266">
      <class name="assignment3.XXX">
        <test-method signature="openBrowser(java.lang.String)[pri:0, instance:assignment3.XXX@7fee8714]" started-at="2022-12-07T13:46:17 IST" name="openBrowser" finished-at="2022-12-07T13:46:19 IST" duration-ms="2231" status="PASS">
          <params>
            <param index="0">
              <value>
                <![CDATA[mozilla]]>
              </value>
            </param>
          </params>
          <reporter-output>
          </reporter-output>
        </test-method> <!-- openBrowser -->
      </class> <!-- assignment3.XXX -->
    </test> <!-- Test -->
  </suite> <!-- Suite -->
</testng-results>
